<?xml version="1.0" encoding="UTF-8"?>
<!-- Generated by org.testng.reporters.JUnitXMLReporter -->
<testsuite ignored="0" hostname="DESKTOP-N2JB7LM" failures="0" tests="3" name="Test" time="30.572" errors="0" timestamp="2023-08-10T09:36:43 IST">
  <testcase classname="TestCases.addNewCustomer" name="addNewCustomerTest" time="7.12"/>
  <testcase classname="TestCases.LoginTest" name="LoginTest" time="2.378"/>
  <testcase classname="TestCases.LoginTest" name="verifyTitleTest" time="0.027"/>
</testsuite> <!-- Test -->
