<?xml version="1.0" encoding="UTF-8"?>
<!-- Generated by org.testng.reporters.JUnitXMLReporter -->
<testsuite ignored="0" hostname="DESKTOP-N2JB7LM" failures="0" tests="3" name="Test" time="55.296" errors="0" timestamp="2023-08-11T09:29:17 IST">
  <testcase classname="TestCases.UpdateMyInfo" name="addNewCustomerTest" time="6.414"/>
  <testcase classname="TestCases.LoginTest" name="LoginTest" time="0.466"/>
  <testcase classname="TestCases.LoginTest" name="verifyTitleTest" time="0.027"/>
</testsuite> <!-- Test -->
