<?xml version="1.0" encoding="UTF-8"?>
<testng-results ignored="0" total="3" passed="3" failed="0" skipped="0">
  <reporter-output>
  </reporter-output>
  <suite started-at="2023-08-10T09:36:13 IST" name="Suite" finished-at="2023-08-10T09:36:43 IST" duration-ms="30572">
    <groups>
    </groups>
    <test started-at="2023-08-10T09:36:13 IST" name="Test" finished-at="2023-08-10T09:36:43 IST" duration-ms="30572">
      <class name="TestCases.LoginTest">
        <test-method is-config="true" signature="setUp()[pri:0, instance:TestCases.LoginTest@4f6ee6e4]" started-at="2023-08-10T09:36:28 IST" name="setUp" finished-at="2023-08-10T09:36:34 IST" duration-ms="5507" status="PASS">
          <reporter-output>
          </reporter-output>
        </test-method> <!-- setUp -->
        <test-method signature="LoginTest()[pri:0, instance:TestCases.LoginTest@4f6ee6e4]" started-at="2023-08-10T09:36:34 IST" name="LoginTest" finished-at="2023-08-10T09:36:36 IST" duration-ms="2378" status="PASS">
          <reporter-output>
          </reporter-output>
        </test-method> <!-- LoginTest -->
        <test-method is-config="true" signature="tearDown()[pri:0, instance:TestCases.LoginTest@4f6ee6e4]" started-at="2023-08-10T09:36:36 IST" name="tearDown" finished-at="2023-08-10T09:36:36 IST" duration-ms="522" status="PASS">
          <reporter-output>
          </reporter-output>
        </test-method> <!-- tearDown -->
        <test-method is-config="true" signature="setUp()[pri:0, instance:TestCases.LoginTest@4f6ee6e4]" started-at="2023-08-10T09:36:36 IST" name="setUp" finished-at="2023-08-10T09:36:43 IST" duration-ms="6349" status="PASS">
          <reporter-output>
          </reporter-output>
        </test-method> <!-- setUp -->
        <test-method signature="verifyTitleTest()[pri:0, instance:TestCases.LoginTest@4f6ee6e4]" started-at="2023-08-10T09:36:43 IST" name="verifyTitleTest" finished-at="2023-08-10T09:36:43 IST" duration-ms="27" status="PASS">
          <reporter-output>
          </reporter-output>
        </test-method> <!-- verifyTitleTest -->
        <test-method is-config="true" signature="tearDown()[pri:0, instance:TestCases.LoginTest@4f6ee6e4]" started-at="2023-08-10T09:36:43 IST" name="tearDown" finished-at="2023-08-10T09:36:43 IST" duration-ms="415" status="PASS">
          <reporter-output>
          </reporter-output>
        </test-method> <!-- tearDown -->
      </class> <!-- TestCases.LoginTest -->
      <class name="TestCases.addNewCustomer">
        <test-method is-config="true" signature="setUp()[pri:0, instance:TestCases.addNewCustomer@1ab3a8c8]" started-at="2023-08-10T09:36:13 IST" name="setUp" finished-at="2023-08-10T09:36:20 IST" duration-ms="7374" status="PASS">
          <reporter-output>
          </reporter-output>
        </test-method> <!-- setUp -->
        <test-method signature="addNewCustomerTest()[pri:0, instance:TestCases.addNewCustomer@1ab3a8c8]" started-at="2023-08-10T09:36:20 IST" name="addNewCustomerTest" finished-at="2023-08-10T09:36:27 IST" duration-ms="7120" status="PASS">
          <reporter-output>
          </reporter-output>
        </test-method> <!-- addNewCustomerTest -->
        <test-method is-config="true" signature="tearDown()[pri:0, instance:TestCases.addNewCustomer@1ab3a8c8]" started-at="2023-08-10T09:36:27 IST" name="tearDown" finished-at="2023-08-10T09:36:28 IST" duration-ms="780" status="PASS">
          <reporter-output>
          </reporter-output>
        </test-method> <!-- tearDown -->
      </class> <!-- TestCases.addNewCustomer -->
    </test> <!-- Test -->
  </suite> <!-- Suite -->
</testng-results>
